kotlin version: 2.1.0
error message: org.jetbrains.kotlin.util.FileAnalysisException: Somewhere in file C:/Users/Diganta1/AndroidStudioProjects/AINoteBuddy/app/src/main/java/com/ainotebuddy/app/ai/AIAssistantModule.kt: java.lang.IllegalStateException: Plugin generated companion object for class org.jetbrains.kotlin.fir.declarations.impl.FirRegularClassImpl@37d27ad5, but it is already present in class
	at org.jetbrains.kotlin.util.AnalysisExceptionsKt.wrapIntoFileAnalysisExceptionIfNeeded(AnalysisExceptions.kt:62)
	at org.jetbrains.kotlin.fir.FirCliExceptionHandler.handleExceptionOnFileAnalysis(Utils.kt:249)
	at org.jetbrains.kotlin.fir.resolve.transformers.plugin.FirCompanionGenerationTransformer.transformFile(FirCompanionGenerationProcessor.kt:100)
	at org.jetbrains.kotlin.fir.resolve.transformers.plugin.FirCompanionGenerationTransformer.transformFile(FirCompanionGenerationProcessor.kt:37)
	at org.jetbrains.kotlin.fir.declarations.FirFile.transform(FirFile.kt:46)
	at org.jetbrains.kotlin.fir.resolve.transformers.FirTransformerBasedResolveProcessor.processFile(FirResolveProcessor.kt:48)
	at org.jetbrains.kotlin.fir.resolve.transformers.FirTotalResolveProcessor.process(FirTotalResolveProcessor.kt:36)
	at org.jetbrains.kotlin.fir.pipeline.AnalyseKt.runResolution(analyse.kt:24)
	at org.jetbrains.kotlin.fir.pipeline.FirUtilsKt.resolveAndCheckFir(firUtils.kt:76)
	at org.jetbrains.kotlin.fir.pipeline.FirUtilsKt.buildResolveAndCheckFirViaLightTree(firUtils.kt:88)
	at org.jetbrains.kotlin.cli.jvm.compiler.pipeline.JvmCompilerPipelineLightTreeKt.compileModuleToAnalyzedFirViaLightTreeIncrementally(jvmCompilerPipelineLightTree.kt:347)
	at org.jetbrains.kotlin.cli.jvm.compiler.pipeline.JvmCompilerPipelineLightTreeKt.compileModuleToAnalyzedFirViaLightTree(jvmCompilerPipelineLightTree.kt:272)
	at org.jetbrains.kotlin.cli.jvm.compiler.pipeline.JvmCompilerPipelineLightTreeKt.compileModule(jvmCompilerPipelineLightTree.kt:250)
	at org.jetbrains.kotlin.cli.jvm.compiler.pipeline.JvmCompilerPipelineLightTreeKt.compileSingleModuleUsingFrontendIrAndLightTree(jvmCompilerPipelineLightTree.kt:231)
	at org.jetbrains.kotlin.cli.jvm.compiler.pipeline.JvmCompilerPipelineLightTreeKt.compileModulesUsingFrontendIrAndLightTree(jvmCompilerPipelineLightTree.kt:86)
	at org.jetbrains.kotlin.cli.jvm.K2JVMCompiler.doExecute(K2JVMCompiler.kt:146)
	at org.jetbrains.kotlin.cli.jvm.K2JVMCompiler.doExecute(K2JVMCompiler.kt:43)
	at org.jetbrains.kotlin.cli.common.CLICompiler.execImpl(CLICompiler.kt:102)
	at org.jetbrains.kotlin.cli.common.CLICompiler.exec(CLICompiler.kt:316)
	at org.jetbrains.kotlin.cli.common.CLICompiler.exec(CLICompiler.kt:294)
	at org.jetbrains.kotlin.cli.common.CLICompiler.execAndOutputXml(CLICompiler.kt:64)
	at java.base/jdk.internal.reflect.NativeMethodAccessorImpl.invoke0(Native Method)
	at java.base/jdk.internal.reflect.NativeMethodAccessorImpl.invoke(NativeMethodAccessorImpl.java:77)
	at java.base/jdk.internal.reflect.DelegatingMethodAccessorImpl.invoke(DelegatingMethodAccessorImpl.java:43)
	at java.base/java.lang.reflect.Method.invoke(Method.java:569)
	at org.jetbrains.kotlin.compilerRunner.GradleKotlinCompilerWork.compileInProcessImpl(GradleKotlinCompilerWork.kt:391)
	at org.jetbrains.kotlin.compilerRunner.GradleKotlinCompilerWork.access$compileInProcessImpl(GradleKotlinCompilerWork.kt:85)
	at org.jetbrains.kotlin.compilerRunner.GradleKotlinCompilerWork$compileInProcess$future$1.call(GradleKotlinCompilerWork.kt:364)
	at org.jetbrains.kotlin.compilerRunner.GradleKotlinCompilerWork$compileInProcess$future$1.call(GradleKotlinCompilerWork.kt:363)
	at java.base/java.util.concurrent.FutureTask.run(FutureTask.java:264)
	at java.base/java.util.concurrent.ThreadPoolExecutor.runWorker(ThreadPoolExecutor.java:1136)
	at java.base/java.util.concurrent.ThreadPoolExecutor$Worker.run(ThreadPoolExecutor.java:635)
	at java.base/java.lang.Thread.run(Thread.java:840)
Caused by: java.lang.IllegalStateException: Plugin generated companion object for class org.jetbrains.kotlin.fir.declarations.impl.FirRegularClassImpl@37d27ad5, but it is already present in class
	at org.jetbrains.kotlin.fir.resolve.transformers.plugin.FirCompanionGenerationTransformer.generateCompanion(FirCompanionGenerationProcessor.kt:84)
	at org.jetbrains.kotlin.fir.resolve.transformers.plugin.FirCompanionGenerationTransformer.generateAndUpdateCompanion(FirCompanionGenerationProcessor.kt:59)
	at org.jetbrains.kotlin.fir.resolve.transformers.plugin.FirCompanionGenerationTransformer.transformRegularClass(FirCompanionGenerationProcessor.kt:54)
	at org.jetbrains.kotlin.fir.resolve.transformers.plugin.FirCompanionGenerationTransformer.transformRegularClass(FirCompanionGenerationProcessor.kt:37)
	at org.jetbrains.kotlin.fir.declarations.FirRegularClass.transform(FirRegularClass.kt:52)
	at org.jetbrains.kotlin.fir.visitors.FirTransformerUtilKt.transformInplace(FirTransformerUtil.kt:20)
	at org.jetbrains.kotlin.fir.declarations.impl.FirFileImpl.transformDeclarations(FirFileImpl.kt:80)
	at org.jetbrains.kotlin.fir.declarations.impl.FirFileImpl.transformDeclarations(FirFileImpl.kt:29)
	at org.jetbrains.kotlin.fir.resolve.transformers.plugin.FirCompanionGenerationTransformer.transformFile(FirCompanionGenerationProcessor.kt:49)
	... 30 more


